2026-02-18 16:46:03,163 - ERROR - Error crítico en la transacción: insert or update on table "pedidos" violates foreign key constraint "pedidos_who_fkey"
DETAIL:  Key (who)=(6) is not present in table "usuarios".
2026-02-18 16:46:19,636 - ERROR - Error crítico en la transacción: insert or update on table "pedidos" violates foreign key constraint "pedidos_who_fkey"
DETAIL:  Key (who)=(6) is not present in table "usuarios".
2026-02-18 16:46:40,679 - ERROR - Error crítico en la transacción: insert or update on table "pedidos" violates foreign key constraint "pedidos_who_fkey"
DETAIL:  Key (who)=(6) is not present in table "usuarios".
2026-02-19 11:18:06,674 - ERROR - Error al crear usuario Rocco@gmail.com: duplicate key value violates unique constraint "usuarios_email_key"
DETAIL:  Key (email)=(Rocco@gmail.com) already exists.
2026-02-19 16:05:35,844 - ERROR - Error al consultar el saldo del usuario 1: list indices must be integers or slices, not str
2026-02-19 16:59:23,318 - ERROR - Error crítico en la transacción: relation "stock" does not exist
LINE 3:                 from stock
                             ^
2026-02-19 17:00:53,689 - ERROR - Error crítico en la transacción: 'coroutine' object is not subscriptable
2026-02-21 14:30:53,154 - ERROR - Error al conectar con el servidorAlgorithm None not supported.
2026-02-21 14:34:37,632 - ERROR - Error al conectar con el servidorAlgorithm None not supported.
2026-02-21 14:36:36,599 - ERROR - Error al conectar con el servidorAlgorithm None not supported.
2026-02-21 14:39:09,753 - ERROR - Error al conectar con el servidorAlgorithm None not supported.
2026-02-21 14:51:16,126 - ERROR - Error al conectar con el servidorAlgorithm None not supported.
2026-02-24 13:05:34,677 - ERROR - Error al conectar con el servidorquery parameters should be a sequence or a mapping, got str
2026-02-24 13:06:43,298 - ERROR - Error al conectar con el servidorquery parameters should be a sequence or a mapping, got str
2026-02-24 13:22:07,447 - ERROR - Form data requires "python-multipart" to be installed. 
You can install "python-multipart" with: 

pip install python-multipart

2026-02-24 13:23:31,884 - ERROR - Form data requires "python-multipart" to be installed. 
You can install "python-multipart" with: 

pip install python-multipart

2026-02-24 13:24:27,497 - ERROR - Form data requires "python-multipart" to be installed. 
You can install "python-multipart" with: 

pip install python-multipart

2026-02-24 13:31:53,629 - ERROR - Error al conectar con el servidor'OAuth2PasswordRequestForm' object has no attribute 'user'
2026-02-24 13:33:20,592 - ERROR - Error al conectar con el servidor'OAuth2PasswordRequestForm' object has no attribute 'user'
2026-02-24 13:39:33,027 - ERROR - Error interno: Signature has expired.
2026-02-24 13:39:53,905 - ERROR - Error interno: Signature has expired.
2026-03-05 16:46:16,308 - ERROR - Error crítico en la transacción: 'Depends' object is not subscriptable
2026-03-05 16:47:42,626 - ERROR - Error crítico en la transacción: 'PedidosCreate' object has no attribute 'who'
2026-03-05 18:04:54,301 - ERROR - Error al ver los pedidos: missing FROM-clause entry for table "usuarios"
LINE 5:             where usuarios.id = $1
                          ^
2026-03-05 18:06:32,780 - ERROR - Error al ver los pedidos: missing FROM-clause entry for table "usuarios"
LINE 5:             where usuarios.id = $1
                          ^
2026-03-05 18:26:12,710 - ERROR - Error al ańadir fondos al usuario 2 : the query has 2 placeholders but 3 parameters were passed
